<html xmlns:math="http://exslt.org/math" xmlns:testng="http://testng.org">
   <head>
      <title>TestNG Results</title>
      <meta http-equiv="content-type" content="text/html; charset=utf-8"></meta>
      <meta http-equiv="pragma" content="no-cache"></meta>
      <meta http-equiv="cache-control" content="max-age=0"></meta>
      <meta http-equiv="cache-control" content="no-cache"></meta>
      <meta http-equiv="cache-control" content="no-store"></meta>
      <LINK rel="stylesheet" href="style.css"></LINK>
      <script type="text/javascript" src="main.js"></script>
   </head>
   <body>
      <table width="100%" style="font-size: 16px; margin-bottom: 10px;" cellspacing="1">
         <tr>
            <td width="100%">
               All methods in suite
               
               <b>Main Test Suite</b>
            </td>
            <td style="background-color: #FFBBBB; padding: 3px 3px 3px 0;" align="center">
               <div style="width: 50px;">1</div>
            </td>
            <td style="background-color: lightgreen; padding: 3px 3px 3px 0;" align="center">
               <div style="width: 50px;">0</div>
            </td>
            <td style="background-color: #FFFFBB; padding: 3px 3px 3px 0;" align="center">
               <div style="width: 50px;">0</div>
            </td>
            <td align="center" style="background-color: #eaf0f7; padding: 3px 3px 3px 0;">
               <div style="width: 50px;">1</div>
            </td>
            <td align="center"
                style="font-weight: bold; background-color: #eaf0f7; padding: 3px 3px 3px 0;">
               <div style="width: 50px;">0%</div>
            </td>
            <td style="background-color: #eaf0f7; padding: 3px 3px 3px 0;" align="center"
                nowrap="true">3m
               42s
               
            </td>
         </tr>
      </table>
      <div style="width: 200px;">
         <label for="groupMethodsCheckBox" style="font-weight: bold; margin: 0;">
            <input id="groupMethodsCheckBox" type="checkbox" onclick="switchTestMethodsView(this)"
                   checked=""></input>
            Group by class
            
         </label>
         <br></br>
         <label for="methodsFilter_ALL" style="font-weight: bold; margin: 0;">
            <input id="methodsFilter_ALL" type="checkbox"
                   onclick="testMethodsFilterChanged(this, 'ALL')"
                   checked=""></input>
            All
            
         </label>
      </div>
      <label for="methodsFilter_FAIL" style="margin-left: 20px;">
         <input id="methodsFilter_FAIL" type="checkbox"
                onclick="testMethodsFilterChanged(this, 'FAIL')"
                checked=""></input>
         Failed
         
      </label>
      <label for="methodsFilter_PASS">
         <input id="methodsFilter_PASS" type="checkbox"
                onclick="testMethodsFilterChanged(this, 'PASS')"
                checked=""></input>
         Passed
         
      </label>
      <label for="methodsFilter_SKIP">
         <input id="methodsFilter_SKIP" type="checkbox"
                onclick="testMethodsFilterChanged(this, 'SKIP')"
                checked=""></input>
         Skipped
         
      </label>
      <label for="methodsFilter_CONF">
         <input id="methodsFilter_CONF" type="checkbox"
                onclick="testMethodsFilterChanged(this, 'CONF')"
                checked=""></input>
         Config
         
      </label>
      <br></br>
      <div id="testMethodsByStatus" style="display: none;">
         <table class="testMethodsTable" cellpadding="0" cellspacing="0">
            <tr class="methodsTableHeader">
               <td width="100%">Name</td>
               <td nowrap="true">Started</td>
               <td nowrap="true">Duration</td>
               <td>Exception</td>
            </tr>
            <tr id="com.fcn.tests.SampleTestCase_tc1_byStatus_failed_FAIL1_row"
                class="testMethodStatusFAIL">
               <td width="100%" class="firstMethodCell">
                  <a onclick="toggleDetailsVisibility('com.fcn.tests.SampleTestCase_tc1_byStatus_failed_FAIL1_details')">tc1(org.testng.TestRunner@593aaf41)</a>
               </td>
               <td nowrap="true">05:17:25</td>
               <td nowrap="true" align="right">3m
                  42s
                  
               </td>
               <td nowrap="true">
                  <a onclick="toggleDetailsVisibility('com.fcn.tests.SampleTestCase_tc1_byStatus_failed_FAIL1_exception')">java.lang.AssertionError: 
                     Exception in selecting option from option dropdown with
                     
                  </a>
                   
                  
               </td>
            </tr>
            <tr>
               <td colspan="4" class="detailsBox">
                  <div id="com.fcn.tests.SampleTestCase_tc1_byStatus_failed_FAIL1_details"
                       class="testMethodDetails">
                     <div>
                        <b>Name: </b>tc1
                     </div>
                     <div>
                        <b>Signature: </b>tc1(org.testng.ITestContext)[pri:0, instance:com.fcn.tests.SampleTestCase@3c0ecd4b]
                     </div>
                     <div>
                        <b>Parameters: </b>
                        
                        org.testng.TestRunner@593aaf41
                        
                        
                     </div>
                     <div>
                        <b>Start time: </b>05:17:25
                     </div>
                     <div>
                        <b>End time: </b>05:21:08
                     </div>
                     <div>
                        <b>Duration: </b>3m
                        42s
                        
                     </div>
                  </div>
               </td>
            </tr>
            <tr>
               <td colspan="4" class="detailsBox">
                  <div id="com.fcn.tests.SampleTestCase_tc1_byStatus_failed_FAIL1_exception"
                       class="testMethodDetails">
                     <pre style="padding: 5px; margin: 0;">java.lang.AssertionError: Exception in selecting option from option dropdown with
                        	at org.testng.Assert.fail(Assert.java:94)
                        	at com.fw.utils.SeleniumHelper.selectFromOptionsbyText(SeleniumHelper.java:300)
                        	at com.fcn.pageObjects.AssetManagerStaff.addAsset(AssetManagerStaff.java:83)
                        	at com.fcn.tests.SampleTestCase.tc1(SampleTestCase.java:98)
                        	at sun.reflect.NativeMethodAccessorImpl.invoke0(Native Method)
                        	at sun.reflect.NativeMethodAccessorImpl.invoke(Unknown Source)
                        	at sun.reflect.DelegatingMethodAccessorImpl.invoke(Unknown Source)
                        	at java.lang.reflect.Method.invoke(Unknown Source)
                        	at org.testng.internal.MethodInvocationHelper.invokeMethod(MethodInvocationHelper.java:80)
                        	at org.testng.internal.Invoker.invokeMethod(Invoker.java:714)
                        	at org.testng.internal.Invoker.invokeTestMethod(Invoker.java:901)
                        	at org.testng.internal.Invoker.invokeTestMethods(Invoker.java:1231)
                        	at org.testng.internal.TestMethodWorker.invokeTestMethods(TestMethodWorker.java:127)
                        	at org.testng.internal.TestMethodWorker.run(TestMethodWorker.java:111)
                        	at org.testng.TestRunner.privateRun(TestRunner.java:767)
                        	at org.testng.TestRunner.run(TestRunner.java:617)
                        	at org.testng.SuiteRunner.runTest(SuiteRunner.java:334)
                        	at org.testng.SuiteRunner.runSequentially(SuiteRunner.java:329)
                        	at org.testng.SuiteRunner.privateRun(SuiteRunner.java:291)
                        	at org.testng.SuiteRunner.run(SuiteRunner.java:240)
                        	at org.testng.SuiteRunnerWorker.runSuite(SuiteRunnerWorker.java:52)
                        	at org.testng.SuiteRunnerWorker.run(SuiteRunnerWorker.java:86)
                        	at org.testng.TestNG.runSuitesSequentially(TestNG.java:1198)
                        	at org.testng.TestNG.runSuitesLocally(TestNG.java:1123)
                        	at org.testng.TestNG.run(TestNG.java:1031)
                        	at org.testng.remote.AbstractRemoteTestNG.run(AbstractRemoteTestNG.java:126)
                        	at org.testng.remote.RemoteTestNG.initAndRun(RemoteTestNG.java:152)
                        	at org.testng.remote.RemoteTestNG.main(RemoteTestNG.java:57)
                     </pre>
                  </div>
               </td>
            </tr>
            <tr id="com.fcn.tests.BaseTest_setup_byStatus_passed_PASS1_row"
                class="testMethodStatusPASS testMethodStatusCONF">
               <td width="100%" class="firstMethodCell">
                  <a onclick="toggleDetailsVisibility('com.fcn.tests.BaseTest_setup_byStatus_passed_PASS1_details')">setup(org.testng.TestRunner@593aaf41)</a>
               </td>
               <td nowrap="true">05:17:14</td>
               <td nowrap="true" align="right">11s
                  
               </td>
               <td nowrap="true">
                   
                  
               </td>
            </tr>
            <tr>
               <td colspan="4" class="detailsBox">
                  <div id="com.fcn.tests.BaseTest_setup_byStatus_passed_PASS1_details"
                       class="testMethodDetails">
                     <div>
                        <b>Name: </b>setup
                     </div>
                     <div>
                        <b>Signature: </b>setup(org.testng.ITestContext)[pri:0, instance:com.fcn.tests.BaseTest@239963d8]
                     </div>
                     <div>
                        <b>Parameters: </b>
                        
                        org.testng.TestRunner@593aaf41
                        
                        
                     </div>
                     <div>
                        <b>Start time: </b>05:17:14
                     </div>
                     <div>
                        <b>End time: </b>05:17:25
                     </div>
                     <div>
                        <b>Duration: </b>11s
                        
                     </div>
                  </div>
               </td>
            </tr>
            <tr></tr>
            <tr id="com.fcn.tests.BaseTest_cleanup_byStatus_passed_PASS2_row"
                class="testMethodStatusPASS testMethodStatusCONF">
               <td width="100%" class="firstMethodCell">
                  <a onclick="toggleDetailsVisibility('com.fcn.tests.BaseTest_cleanup_byStatus_passed_PASS2_details')">cleanup()</a>
               </td>
               <td nowrap="true">05:21:08</td>
               <td nowrap="true" align="right">0 ms
                  
               </td>
               <td nowrap="true">
                   
                  
               </td>
            </tr>
            <tr>
               <td colspan="4" class="detailsBox">
                  <div id="com.fcn.tests.BaseTest_cleanup_byStatus_passed_PASS2_details"
                       class="testMethodDetails">
                     <div>
                        <b>Name: </b>cleanup
                     </div>
                     <div>
                        <b>Signature: </b>cleanup()[pri:0, instance:com.fcn.tests.BaseTest@239963d8]
                     </div>
                     <div>
                        <b>Start time: </b>05:21:08
                     </div>
                     <div>
                        <b>End time: </b>05:21:08
                     </div>
                     <div>
                        <b>Duration: </b>0 ms
                        
                     </div>
                  </div>
               </td>
            </tr>
            <tr></tr>
         </table>
      </div>
      <div id="testMethodsByClass">
         <table class="testMethodsTable" cellpadding="0" cellspacing="0">
            <tr>
               <td colspan="4">
                  <h3 style="display: inline;">com.fcn.tests.BaseTest</h3>
               </td>
            </tr>
            <tr class="methodsTableHeader">
               <td width="100%">Name</td>
               <td nowrap="true">Started</td>
               <td nowrap="true">Duration</td>
               <td>Exception</td>
            </tr>
            <tr id="com.fcn.tests.BaseTest_setup_byClass_PASS1_row"
                class="testMethodStatusPASS testMethodStatusCONF">
               <td width="100%" class="firstMethodCell">
                  <a onclick="toggleDetailsVisibility('com.fcn.tests.BaseTest_setup_byClass_PASS1_details')">setup(org.testng.TestRunner@593aaf41)</a>
               </td>
               <td nowrap="true">05:17:14</td>
               <td nowrap="true" align="right">11s
                  
               </td>
               <td nowrap="true">
                   
                  
               </td>
            </tr>
            <tr>
               <td colspan="4" class="detailsBox">
                  <div id="com.fcn.tests.BaseTest_setup_byClass_PASS1_details"
                       class="testMethodDetails">
                     <div>
                        <b>Name: </b>setup
                     </div>
                     <div>
                        <b>Signature: </b>setup(org.testng.ITestContext)[pri:0, instance:com.fcn.tests.BaseTest@239963d8]
                     </div>
                     <div>
                        <b>Parameters: </b>
                        
                        org.testng.TestRunner@593aaf41
                        
                        
                     </div>
                     <div>
                        <b>Start time: </b>05:17:14
                     </div>
                     <div>
                        <b>End time: </b>05:17:25
                     </div>
                     <div>
                        <b>Duration: </b>11s
                        
                     </div>
                  </div>
               </td>
            </tr>
            <tr></tr>
            <tr id="com.fcn.tests.BaseTest_cleanup_byClass_PASS2_row"
                class="testMethodStatusPASS testMethodStatusCONF">
               <td width="100%" class="firstMethodCell">
                  <a onclick="toggleDetailsVisibility('com.fcn.tests.BaseTest_cleanup_byClass_PASS2_details')">cleanup()</a>
               </td>
               <td nowrap="true">05:21:08</td>
               <td nowrap="true" align="right">0 ms
                  
               </td>
               <td nowrap="true">
                   
                  
               </td>
            </tr>
            <tr>
               <td colspan="4" class="detailsBox">
                  <div id="com.fcn.tests.BaseTest_cleanup_byClass_PASS2_details"
                       class="testMethodDetails">
                     <div>
                        <b>Name: </b>cleanup
                     </div>
                     <div>
                        <b>Signature: </b>cleanup()[pri:0, instance:com.fcn.tests.BaseTest@239963d8]
                     </div>
                     <div>
                        <b>Start time: </b>05:21:08
                     </div>
                     <div>
                        <b>End time: </b>05:21:08
                     </div>
                     <div>
                        <b>Duration: </b>0 ms
                        
                     </div>
                  </div>
               </td>
            </tr>
            <tr></tr>
         </table>
         <br></br>
         <table class="testMethodsTable" cellpadding="0" cellspacing="0">
            <tr>
               <td colspan="4">
                  <h3 style="display: inline;">com.fcn.tests.SampleTestCase</h3>
               </td>
            </tr>
            <tr class="methodsTableHeader">
               <td width="100%">Name</td>
               <td nowrap="true">Started</td>
               <td nowrap="true">Duration</td>
               <td>Exception</td>
            </tr>
            <tr id="com.fcn.tests.SampleTestCase_tc1_byClass_FAIL1_row"
                class="testMethodStatusFAIL">
               <td width="100%" class="firstMethodCell">
                  <a onclick="toggleDetailsVisibility('com.fcn.tests.SampleTestCase_tc1_byClass_FAIL1_details')">tc1(org.testng.TestRunner@593aaf41)</a>
               </td>
               <td nowrap="true">05:17:25</td>
               <td nowrap="true" align="right">3m
                  42s
                  
               </td>
               <td nowrap="true">
                  <a onclick="toggleDetailsVisibility('com.fcn.tests.SampleTestCase_tc1_byClass_FAIL1_exception')">java.lang.AssertionError: 
                     Exception in selecting option from option dropdown with
                     
                  </a>
                   
                  
               </td>
            </tr>
            <tr>
               <td colspan="4" class="detailsBox">
                  <div id="com.fcn.tests.SampleTestCase_tc1_byClass_FAIL1_details"
                       class="testMethodDetails">
                     <div>
                        <b>Name: </b>tc1
                     </div>
                     <div>
                        <b>Signature: </b>tc1(org.testng.ITestContext)[pri:0, instance:com.fcn.tests.SampleTestCase@3c0ecd4b]
                     </div>
                     <div>
                        <b>Parameters: </b>
                        
                        org.testng.TestRunner@593aaf41
                        
                        
                     </div>
                     <div>
                        <b>Start time: </b>05:17:25
                     </div>
                     <div>
                        <b>End time: </b>05:21:08
                     </div>
                     <div>
                        <b>Duration: </b>3m
                        42s
                        
                     </div>
                  </div>
               </td>
            </tr>
            <tr>
               <td colspan="4" class="detailsBox">
                  <div id="com.fcn.tests.SampleTestCase_tc1_byClass_FAIL1_exception"
                       class="testMethodDetails">
                     <pre style="padding: 5px; margin: 0;">java.lang.AssertionError: Exception in selecting option from option dropdown with
                        	at org.testng.Assert.fail(Assert.java:94)
                        	at com.fw.utils.SeleniumHelper.selectFromOptionsbyText(SeleniumHelper.java:300)
                        	at com.fcn.pageObjects.AssetManagerStaff.addAsset(AssetManagerStaff.java:83)
                        	at com.fcn.tests.SampleTestCase.tc1(SampleTestCase.java:98)
                        	at sun.reflect.NativeMethodAccessorImpl.invoke0(Native Method)
                        	at sun.reflect.NativeMethodAccessorImpl.invoke(Unknown Source)
                        	at sun.reflect.DelegatingMethodAccessorImpl.invoke(Unknown Source)
                        	at java.lang.reflect.Method.invoke(Unknown Source)
                        	at org.testng.internal.MethodInvocationHelper.invokeMethod(MethodInvocationHelper.java:80)
                        	at org.testng.internal.Invoker.invokeMethod(Invoker.java:714)
                        	at org.testng.internal.Invoker.invokeTestMethod(Invoker.java:901)
                        	at org.testng.internal.Invoker.invokeTestMethods(Invoker.java:1231)
                        	at org.testng.internal.TestMethodWorker.invokeTestMethods(TestMethodWorker.java:127)
                        	at org.testng.internal.TestMethodWorker.run(TestMethodWorker.java:111)
                        	at org.testng.TestRunner.privateRun(TestRunner.java:767)
                        	at org.testng.TestRunner.run(TestRunner.java:617)
                        	at org.testng.SuiteRunner.runTest(SuiteRunner.java:334)
                        	at org.testng.SuiteRunner.runSequentially(SuiteRunner.java:329)
                        	at org.testng.SuiteRunner.privateRun(SuiteRunner.java:291)
                        	at org.testng.SuiteRunner.run(SuiteRunner.java:240)
                        	at org.testng.SuiteRunnerWorker.runSuite(SuiteRunnerWorker.java:52)
                        	at org.testng.SuiteRunnerWorker.run(SuiteRunnerWorker.java:86)
                        	at org.testng.TestNG.runSuitesSequentially(TestNG.java:1198)
                        	at org.testng.TestNG.runSuitesLocally(TestNG.java:1123)
                        	at org.testng.TestNG.run(TestNG.java:1031)
                        	at org.testng.remote.AbstractRemoteTestNG.run(AbstractRemoteTestNG.java:126)
                        	at org.testng.remote.RemoteTestNG.initAndRun(RemoteTestNG.java:152)
                        	at org.testng.remote.RemoteTestNG.main(RemoteTestNG.java:57)
                     </pre>
                  </div>
               </td>
            </tr>
         </table>
         <br></br>
      </div>
      <div style="margin-top: 15px; color: gray; text-align: center; font-size: 9px;">
         Generated with
         
         <a href="http://code.google.com/p/testng-xslt/" style="color: #8888aa;"
            target="_blank">
            TestNG XSLT
            
         </a>
      </div>
   </body>
</html>