<?xml version="1.0" encoding="UTF-8"?>
<testng-results skipped="0" failed="1" ignored="0" total="1" passed="0">
  <reporter-output>
  </reporter-output>
  <suite name="Main Test Suite" duration-ms="32282" started-at="2017-12-13T13:16:16Z" finished-at="2017-12-13T13:16:48Z">
    <groups>
    </groups>
    <test name="TestNG Test Group" duration-ms="32282" started-at="2017-12-13T13:16:16Z" finished-at="2017-12-13T13:16:48Z">
      <class name="ad2pro.fcn.tests.TestCaseExecution">
        <test-method status="FAIL" signature="jdTraffic(org.testng.ITestContext)[pri:0, instance:ad2pro.fcn.tests.TestCaseExecution@365185bd]" name="jdTraffic" duration-ms="32206" started-at="2017-12-13T18:46:16Z" finished-at="2017-12-13T18:46:48Z">
          <params>
            <param index="0">
              <value>
                <![CDATA[org.testng.TestRunner@17a87e37]]>
              </value>
            </param>
          </params>
          <exception class="java.lang.AssertionError">
            <message>
              <![CDATA[Error Occured while taking the Screenshot... Error communicating with the remote browser. It may have died.Build info: version: '2.52.0', revision: '4c2593cfc3689a7fcd7be52549167e5ccc93ad28', time: '2016-02-11 11:22:43'System info: host: 'ADPRO-001734', ip: '192.168.0.165', os.name: 'Windows 7', os.arch: 'amd64', os.version: '6.1', java.version: '1.8.0_144'Driver info: driver.version: DriverCapabilities [{applicationCacheEnabled=true, rotatable=false, handlesAlerts=true, databaseEnabled=true, version=43.0.1, platform=WINDOWS, nativeEvents=false, acceptSslCerts=true, webStorageEnabled=true, locationContextEnabled=true, browserName=firefox, takesScreenshot=true, javascriptEnabled=true, cssSelectorsEnabled=true}]Session ID: 675c4b40-dbdd-4b49-9e50-8e18f19403d3]]>
            </message>
            <full-stacktrace>
              <![CDATA[java.lang.AssertionError: Error Occured while taking the Screenshot... Error communicating with the remote browser. It may have died.Build info: version: '2.52.0', revision: '4c2593cfc3689a7fcd7be52549167e5ccc93ad28', time: '2016-02-11 11:22:43'System info: host: 'ADPRO-001734', ip: '192.168.0.165', os.name: 'Windows 7', os.arch: 'amd64', os.version: '6.1', java.version: '1.8.0_144'Driver info: driver.version: DriverCapabilities [{applicationCacheEnabled=true, rotatable=false, handlesAlerts=true, databaseEnabled=true, version=43.0.1, platform=WINDOWS, nativeEvents=false, acceptSslCerts=true, webStorageEnabled=true, locationContextEnabled=true, browserName=firefox, takesScreenshot=true, javascriptEnabled=true, cssSelectorsEnabled=true}]Session ID: 675c4b40-dbdd-4b49-9e50-8e18f19403d3at org.testng.Assert.fail(Assert.java:96)at ad2pro.fw.utils.Driver.takeScreenShot(Driver.java:526)at ad2pro.fcn.tests.TestCaseExecution.jdTraffic(TestCaseExecution.java:270)at sun.reflect.NativeMethodAccessorImpl.invoke0(Native Method)at sun.reflect.NativeMethodAccessorImpl.invoke(Unknown Source)at sun.reflect.DelegatingMethodAccessorImpl.invoke(Unknown Source)at java.lang.reflect.Method.invoke(Unknown Source)at org.testng.internal.MethodInvocationHelper.invokeMethod(MethodInvocationHelper.java:124)at org.testng.internal.Invoker.invokeMethod(Invoker.java:571)at org.testng.internal.Invoker.invokeTestMethod(Invoker.java:707)at org.testng.internal.Invoker.invokeTestMethods(Invoker.java:979)at org.testng.internal.TestMethodWorker.invokeTestMethods(TestMethodWorker.java:125)at org.testng.internal.TestMethodWorker.run(TestMethodWorker.java:109)at org.testng.TestRunner.privateRun(TestRunner.java:648)at org.testng.TestRunner.run(TestRunner.java:505)at org.testng.SuiteRunner.runTest(SuiteRunner.java:455)at org.testng.SuiteRunner.runSequentially(SuiteRunner.java:450)at org.testng.SuiteRunner.privateRun(SuiteRunner.java:415)at org.testng.SuiteRunner.run(SuiteRunner.java:364)at org.testng.SuiteRunnerWorker.runSuite(SuiteRunnerWorker.java:52)at org.testng.SuiteRunnerWorker.run(SuiteRunnerWorker.java:84)at org.testng.TestNG.runSuitesSequentially(TestNG.java:1187)at org.testng.TestNG.runSuitesLocally(TestNG.java:1116)at org.testng.TestNG.runSuites(TestNG.java:1028)at org.testng.TestNG.run(TestNG.java:996)at org.testng.remote.AbstractRemoteTestNG.run(AbstractRemoteTestNG.java:114)at org.testng.remote.RemoteTestNG.initAndRun(RemoteTestNG.java:251)at org.testng.remote.RemoteTestNG.main(RemoteTestNG.java:77)]]>
            </full-stacktrace>
          </exception> <!-- java.lang.AssertionError -->
          <reporter-output>
          </reporter-output>
        </test-method> <!-- jdTraffic -->
      </class> <!-- ad2pro.fcn.tests.TestCaseExecution -->
      <class name="ad2pro.fcn.tests.BaseTest">
        <test-method status="PASS" signature="setup(org.testng.ITestContext)[pri:0, instance:ad2pro.fcn.tests.BaseTest@7e0e6aa2]" name="setup" is-config="true" duration-ms="18250" started-at="2017-12-13T18:45:58Z" finished-at="2017-12-13T18:46:16Z">
          <params>
            <param index="0">
              <value>
                <![CDATA[org.testng.TestRunner@17a87e37]]>
              </value>
            </param>
          </params>
          <reporter-output>
          </reporter-output>
        </test-method> <!-- setup -->
        <test-method status="PASS" signature="cleanup()[pri:0, instance:ad2pro.fcn.tests.BaseTest@7e0e6aa2]" name="cleanup" is-config="true" duration-ms="1" started-at="2017-12-13T18:46:48Z" finished-at="2017-12-13T18:46:48Z">
          <reporter-output>
          </reporter-output>
        </test-method> <!-- cleanup -->
      </class> <!-- ad2pro.fcn.tests.BaseTest -->
    </test> <!-- TestNG Test Group -->
  </suite> <!-- Main Test Suite -->
</testng-results>
